C51 COMPILER V9.54   NIXIE                                                                 08/30/2022 16:58:30 PAGE 1   


C51 COMPILER V9.54, COMPILATION OF MODULE NIXIE
OBJECT MODULE PLACED IN .\output\Nixie.obj
COMPILER INVOKED BY: E:\Keil_v5\C51\BIN\C51.EXE Nixie.c OPTIMIZE(8,SPEED) BROWSE DEBUG OBJECTEXTEND PRINT(.\Listings\Nix
                    -ie.lst) TABS(2) OBJECT(.\output\Nixie.obj)

line level    source

   1          #include <REGX52.H>
   2          #include "Delay.h"  //包含Delay头文件
   3          
   4          //数码管段码表
   5          unsigned char NixieTable[]={0x3F,0x06,0x5B,0x4F,0x66,0x6D,0x7D,0x07,0x7F,0x6F};
   6          
   7          //数码管显示子函数
   8          void Nixie(unsigned char Location,Number)
   9          {
  10   1        switch(Location)    //位码输出
  11   1        {
  12   2          case 1:P2_4=1;P2_3=1;P2_2=1;break;
  13   2          case 2:P2_4=1;P2_3=1;P2_2=0;break;
  14   2          case 3:P2_4=1;P2_3=0;P2_2=1;break;
  15   2          case 4:P2_4=1;P2_3=0;P2_2=0;break;
  16   2          case 5:P2_4=0;P2_3=1;P2_2=1;break;
  17   2          case 6:P2_4=0;P2_3=1;P2_2=0;break;
  18   2          case 7:P2_4=0;P2_3=0;P2_2=1;break;
  19   2          case 8:P2_4=0;P2_3=0;P2_2=0;break;
  20   2        }
  21   1        P0=NixieTable[Number];  //段码输出
  22   1        Delay(1);       //显示一段时间
  23   1        P0=0x00;        //段码清0，消影
  24   1      }


MODULE INFORMATION:   STATIC OVERLAYABLE
   CODE SIZE        =    109    ----
   CONSTANT SIZE    =   ----    ----
   XDATA SIZE       =   ----    ----
   PDATA SIZE       =   ----    ----
   DATA SIZE        =     10    ----
   IDATA SIZE       =   ----    ----
   BIT SIZE         =   ----    ----
END OF MODULE INFORMATION.


C51 COMPILATION COMPLETE.  0 WARNING(S),  0 ERROR(S)
